make all --print-data-base --no-builtin-variables --no-builtin-rules --question
make: *** No rule to make target 'all'.  Stop.

# GNU Make 4.1
# Built for x86_64-pc-linux-gnu
# Copyright (C) 1988-2014 Free Software Foundation, Inc.
# License GPLv3+: GNU GPL version 3 or later <http://gnu.org/licenses/gpl.html>
# This is free software: you are free to change and redistribute it.
# There is NO WARRANTY, to the extent permitted by law.

# Make data base, printed on Mon Feb 14 20:31:46 2022

# Variables

# 'override' directive
GNUMAKEFLAGS :=
# automatic
<D = $(patsubst %/,%,$(dir $<))
# automatic
?F = $(notdir $?)
# environment
PAPERSIZE = a4
# environment
DESKTOP_SESSION = ubuntu
# default
.SHELLFLAGS := -c
# environment
XDG_SESSION_TYPE = x11
# environment
VSCODE_LOG_NATIVE = false
# automatic
?D = $(patsubst %/,%,$(dir $?))
# environment
IM_CONFIG_PHASE = 2
# automatic
@D = $(patsubst %/,%,$(dir $@))
# environment
XAUTHORITY = /run/user/1000/gdm/Xauthority
# environment
GDMSESSION = ubuntu
# environment
XMODIFIERS = @im=ibus
# makefile
CURDIR := /home/remi/github/datalad_crash_course
# makefile
SHELL = /bin/sh
# environment
VSCODE_NLS_CONFIG = {"locale":"en-us","availableLanguages":{},"_languagePackSupport":true}
# environment
_ = /usr/share/code/code
# environment
FSLDIR = /usr/local/fsl
# environment
XDG_CONFIG_DIRS = /etc/xdg/xdg-ubuntu:/etc/xdg
# makefile (from 'Makefile', line 1)
MAKEFILE_LIST :=  Makefile
# automatic
@F = $(notdir $@)
# environment
GIO_LAUNCHED_DESKTOP_FILE = /usr/share/applications/code.desktop
# environment
USERNAME = remi
# environment
MAKELEVEL := 0
# environment
MANDATORY_PATH = /usr/share/gconf/ubuntu.mandatory.path
# environment
XDG_DATA_DIRS = /usr/share/ubuntu:/home/remi/.local/share/flatpak/exports/share/:/var/lib/flatpak/exports/share/:/usr/local/share/:/usr/share/:/var/lib/snapd/desktop
# environment
DBUS_SESSION_BUS_ADDRESS = unix:path=/run/user/1000/bus
# environment
VSCODE_VERBOSE_LOGGING = true
# environment
INFOPATH = /home/linuxbrew/.linuxbrew/share/info:
# environment
CLUTTER_IM_MODULE = xim
# environment
VSCODE_IPC_HOOK_EXTHOST = /run/user/1000/vscode-ipc-61637fe8-3df7-449e-88a6-27047c1fc36b.sock
# environment
LC_NAME = en_GB.UTF-8
# environment
FSLOUTPUTTYPE = NIFTI_GZ
# environment
VSCODE_CWD = /home/remi
# default
MAKE_HOST := x86_64-pc-linux-gnu
# environment
PATH = /home/remi/miniconda3/bin:/home/remi/miniconda3/condabin:/home/remi/.nvm/versions/node/v14.16.0/bin:/home/linuxbrew/.linuxbrew/bin:/home/linuxbrew/.linuxbrew/sbin:/usr/local/fsl/bin:/home/remi/.local/bin:/home/remi/bin:/usr/local/sbin:/usr/local/bin:/usr/sbin:/usr/bin:/sbin:/bin:/usr/games:/usr/local/games:/snap/bin:/home/remi/github/miss_hit:/home/remi/abin
# environment
GPG_AGENT_INFO = /run/user/1000/gnupg/S.gpg-agent:0:1
# environment
GJS_DEBUG_OUTPUT = stderr
# environment
LSCOLORS = Gxfxcxdxbxegedabagacad
# environment
SESSION_MANAGER = local/remi-XPS-15-9570:@/tmp/.ICE-unix/9390,unix/remi-XPS-15-9570:/tmp/.ICE-unix/9390
# environment
XDG_RUNTIME_DIR = /run/user/1000
# environment
TEXTDOMAIN = im-config
# environment
FSLREMOTECALL =
# environment
NVM_BIN = /home/remi/.nvm/versions/node/v14.16.0/bin
# environment
BREAKPAD_DUMP_LOCATION = /home/remi/.config/Code/exthost Crash Reports
# environment
CONDA_PREFIX = /home/remi/miniconda3
# environment
XDG_MENU_PREFIX = gnome-
# environment
VSCODE_LOG_STACK = false
# environment
FSLMACHINELIST =
# environment
VSCODE_CRASH_REPORTER_START_OPTIONS = {"companyName":"Microsoft","productName":"VSCode","submitURL":"appcenter://code?aid=fba07a4d-84bd-4fc8-a125-9640fc8ce171&uid=db8a6ba8-6696-40b9-8fe3-945a20e44de5&iid=db8a6ba8-6696-40b9-8fe3-945a20e44de5&sid=db8a6ba8-6696-40b9-8fe3-945a20e44de5","uploadToServer":true}
# default
.FEATURES := target-specific order-only second-expansion else-if shortest-stem undefine oneshell archives jobserver output-sync check-symlink load
# environment
LS_COLORS =
# environment
XDG_SESSION_DESKTOP = ubuntu
# environment
SSH_AUTH_SOCK = /run/user/1000/keyring/ssh
# environment
GIO_LAUNCHED_DESKTOP_FILE_PID = 17022
# automatic
%F = $(notdir $%)
# environment
DISPLAY = :0
# environment
CONDA_EXE = /home/remi/miniconda3/bin/conda
# environment
GTK_IM_MODULE = ibus
# environment
VSCODE_PIPE_LOGGING = true
# environment
PWD = /home/remi/github/datalad_crash_course
# environment
HOMEBREW_CELLAR = /home/linuxbrew/.linuxbrew/Cellar
# environment
XDG_SEAT = seat0
# environment
SSH_AGENT_PID = 9493
# environment
ORIGINAL_XDG_CURRENT_DESKTOP = ubuntu:GNOME
# environment
GTK_MODULES = gail:atk-bridge
# environment
FSLMULTIFILEQUIT = TRUE
# environment
MANPATH = /home/remi/.nvm/versions/node/v14.16.0/share/man:/home/linuxbrew/.linuxbrew/share/man:
# environment
VSCODE_AMD_ENTRYPOINT = vs/workbench/services/extensions/node/extensionHostProcess
# environment
HOME = /home/remi
# environment
VSCODE_CODE_CACHE_PATH = /home/remi/.config/Code/CachedData/899d46d82c4c95423fb7e10e68eba52050e30ba3
# environment
LOGNAME = remi
# environment
APPLICATION_INSIGHTS_NO_DIAGNOSTIC_CHANNEL = true
# environment
CONDA_PROMPT_MODIFIER = (base)
# environment
NVM_CD_FLAGS = -q
# automatic
+F = $(notdir $+)
# environment
ZSH = /home/remi/.oh-my-zsh
# environment
VSCODE_HANDLES_UNCAUGHT_ERRORS = true
# default
MAKE_VERSION := 4.1
# environment
GNOME_DESKTOP_SESSION_ID = this-is-deprecated
# automatic
^D = $(patsubst %/,%,$(dir $^))
# environment
XDG_VTNR = 2
# environment
LC_TIME = en_GB.UTF-8
# environment
CONDA_DEFAULT_ENV = base
# default
MAKE = $(MAKE_COMMAND)
# environment
FSLGECUDAQ = cuda.q
# environment
QT_IM_MODULE = ibus
# environment
SHLVL = 0
# environment
GNOME_SHELL_SESSION_MODE = ubuntu
# environment
XDG_SESSION_ID = 4
# environment
USER = remi
# environment
LC_MONETARY = en_GB.UTF-8
# makefile
.DEFAULT_GOAL := clean
# environment
XDG_CURRENT_DESKTOP = Unity
# default
MAKECMDGOALS := all
# environment
LESS = -R
# automatic
%D = $(patsubst %/,%,$(dir $%))
# environment
LC_TELEPHONE = en_GB.UTF-8
# environment
CONDA_SHLVL = 1
# default
MAKE_COMMAND := make
# environment
OLDPWD = /home/remi
# default
.VARIABLES :=
# automatic
*F = $(notdir $*)
# environment
LANGUAGE = en_US
# environment
VSCODE_IPC_HOOK = /run/user/1000/vscode-5009decd-1.63.2-main.sock
# environment
FSLLOCKDIR =
# makefile
MAKEFLAGS = pqrR
# environment
MFLAGS = -pqrR
# automatic
*D = $(patsubst %/,%,$(dir $*))
# environment
NVM_DIR = /home/remi/.nvm
# environment
HOMEBREW_SHELLENV_PREFIX = /home/linuxbrew/.linuxbrew
# environment
HOMEBREW_PREFIX = /home/linuxbrew/.linuxbrew
# automatic
+D = $(patsubst %/,%,$(dir $+))
# environment
GDK_BACKEND = x11
# environment
LC_PAPER = en_GB.UTF-8
# environment
S_COLORS = auto
# environment
HOMEBREW_REPOSITORY = /home/linuxbrew/.linuxbrew/Homebrew
# environment
QT_ACCESSIBILITY = 1
# environment
DEFAULTS_PATH = /usr/share/gconf/ubuntu.default.path
# environment
TEXTDOMAINDIR = /usr/share/locale/
# default
MAKEFILES :=
# environment
FSLTCLSH = /usr/local/fsl/bin/fsltclsh
# environment
LC_NUMERIC = en_GB.UTF-8
# automatic
<F = $(notdir $<)
# environment
ELECTRON_RUN_AS_NODE = 1
# environment
LC_MEASUREMENT = en_GB.UTF-8
# environment
PAGER = less
# environment
LC_ALL = C
# environment
VIRTUAL_ENV_DISABLE_PROMPT = 1
# environment
CONDA_PYTHON_EXE = /home/remi/miniconda3/bin/python
# environment
QT4_IM_MODULE = xim
# environment
GJS_DEBUG_TOPICS = JS ERROR;JS LOG
# automatic
^F = $(notdir $^)
# default
SUFFIXES :=
# environment
_CE_M =
# environment

CHROME_DESKTOP = code-url-handler.desktop
# environment
WINDOWPATH = 2
# default
.INCLUDE_DIRS = /usr/include /usr/local/include /usr/include
# environment
LC_IDENTIFICATION = en_GB.UTF-8
# environment
FSLWISH = /usr/local/fsl/bin/fslwish
# default
.RECIPEPREFIX :=
# environment
LC_ADDRESS = en_GB.UTF-8
# environment
LANG = C
# environment
VSCODE_PID = 17022
# environment
_CE_CONDA =
# variable set hash-table stats:
# Load=146/1024=14%, Rehash=0, Collisions=24/171=14%

# Pattern-specific Variable Values

# No pattern-specific variable values.

# Directories

# . (device 64768, inode 31441804): 15 files, no impossibilities.

# 15 files, no impossibilities in 1 directories.

# Implicit Rules

# No implicit rules.

# Files

# Not a target:
all:
#  Command line target.
#  Implicit rule search has been done.
#  File does not exist.
#  File has not been updated.

# Not a target:
Makefile:
#  Implicit rule search has been done.
#  Last modified 2022-02-14 10:51:30.390122197
#  File has been updated.
#  Successfully updated.

# Not a target:
.DEFAULT:
#  Implicit rule search has not been done.
#  Modification time never checked.
#  File has not been updated.

clean:
#  Implicit rule search has not been done.
#  Modification time never checked.
#  File has not been updated.
#  recipe to execute (from 'Makefile', line 2):
	rm -rf raw

# files hash-table stats:
# Load=5/1024=0%, Rehash=0, Collisions=0/15=0%
# VPATH Search Paths

# No 'vpath' search paths.

# No general ('VPATH' variable) search path.

# strcache buffers: 1 (0) / strings = 21 / storage = 217 B / avg = 10 B
# current buf: size = 8162 B / used = 217 B / count = 21 / avg = 10 B

# strcache performance: lookups = 26 / hit rate = 19%
# hash-table stats:
# Load=21/8192=0%, Rehash=0, Collisions=1/26=4%
# Finished Make data base on Mon Feb 14 20:31:46 2022
